2026-06-13 18:17:27,253 [INFO] FinanceScraper.Orchestrator: Initializing Scraping Execution Cycle...
2026-06-13 18:17:27,289 [INFO] FinanceScraper.Portals: Querying ATS backend metadata for Goldman Sachs
2026-06-13 18:17:27,289 [INFO] FinanceScraper.Portals: Querying ATS backend metadata for Morgan Stanley
2026-06-13 18:17:27,290 [INFO] FinanceScraper.Portals: Querying ATS backend metadata for JPMorgan
2026-06-13 18:17:27,290 [INFO] FinanceScraper.Portals: Querying ATS backend metadata for Bank of America
2026-06-13 18:17:27,291 [INFO] FinanceScraper.Portals: Querying ATS backend metadata for Barclays
2026-06-13 18:17:27,291 [INFO] FinanceScraper.Portals: Querying ATS backend metadata for Deutsche Bank
2026-06-13 18:17:27,292 [INFO] FinanceScraper.Portals: Querying ATS backend metadata for UBS
2026-06-13 18:17:27,292 [INFO] FinanceScraper.Portals: Querying ATS backend metadata for Citigroup
2026-06-13 18:17:27,292 [INFO] FinanceScraper.Portals: Querying ATS backend metadata for HSBC
2026-06-13 18:17:27,292 [INFO] FinanceScraper.Portals: Querying ATS backend metadata for Jefferies
2026-06-13 18:17:27,293 [INFO] FinanceScraper.Portals: Querying ATS backend metadata for Houlihan Lokey
2026-06-13 18:17:27,293 [INFO] FinanceScraper.Portals: Querying ATS backend metadata for Lazard
2026-06-13 18:17:27,293 [INFO] FinanceScraper.Portals: Querying ATS backend metadata for Rothschild
2026-06-13 18:17:27,293 [INFO] FinanceScraper.Portals: Querying ATS backend metadata for Evercore
2026-06-13 18:17:27,293 [INFO] FinanceScraper.Portals: Querying ATS backend metadata for Moelis
2026-06-13 18:17:27,293 [INFO] FinanceScraper.Portals: Querying ATS backend metadata for William Blair
2026-06-13 18:17:27,293 [INFO] FinanceScraper.Portals: Querying ATS backend metadata for Baird
2026-06-13 18:17:27,293 [INFO] FinanceScraper.Portals: Querying ATS backend metadata for Piper Sandler
2026-06-13 18:17:27,293 [INFO] FinanceScraper.Portals: Querying ATS backend metadata for Lincoln International
2026-06-13 18:17:28,493 [INFO] FinanceScraper.Orchestrator: Data persistently saved to output/scraped_jobs.csv and output/scraped_jobs.xlsx
2026-06-13 18:22:59,193 [INFO] FinanceScraper.Orchestrator: Initializing Scraping Execution Cycle...
2026-06-13 18:22:59,229 [INFO] FinanceScraper.Portals: [Goldman Sachs] Fetching Oracle HCM API offset 0...
2026-06-13 18:22:59,967 [ERROR] FinanceScraper.Portals: Failed parsing Oracle HCM API for Goldman Sachs: 400 Client Error: Bad Request for url: https://hdpc.fa.us2.oraclecloud.com/hcmRestApi/resources/latest/recruitingCEJobRequisitions?onlyData=true&expand=all
2026-06-13 18:22:59,968 [INFO] FinanceScraper.Portals: [JPMorgan] Fetching Oracle HCM API offset 0...
2026-06-13 18:23:00,666 [ERROR] FinanceScraper.Portals: Failed parsing Oracle HCM API for JPMorgan: 400 Client Error: Bad Request for url: https://jpmc.fa.oraclecloud.com/hcmRestApi/resources/latest/recruitingCEJobRequisitions?onlyData=true&expand=all
2026-06-13 18:23:00,671 [INFO] FinanceScraper.Portals: [Morgan Stanley] Fetching Workday API offset 0...
2026-06-13 18:23:01,156 [ERROR] FinanceScraper.Portals: Failed parsing Workday API for Morgan Stanley: 422 Client Error: Unprocessable Entity for url: https://morganstanley.wd1.myworkdayjobs.com/wday/cxs/morganstanley/morganstanley/jobs
2026-06-13 18:23:01,160 [INFO] FinanceScraper.Portals: [Bank of America] Fetching Workday API offset 0...
2026-06-13 18:23:01,566 [ERROR] FinanceScraper.Portals: Failed parsing Workday API for Bank of America: 422 Client Error: Unprocessable Entity for url: https://bankofamerica.wd1.myworkdayjobs.com/wday/cxs/bankofamerica/boa_careers/jobs
2026-06-13 18:23:01,570 [INFO] FinanceScraper.Portals: [Goldman Sachs] Fetching Workday API offset 0...
2026-06-13 18:23:01,764 [ERROR] FinanceScraper.Portals: Failed parsing Workday API for Goldman Sachs: 403 Client Error: Forbidden for url: https://www.goldmansachs.com/careers/
2026-06-13 18:23:01,764 [INFO] FinanceScraper.Portals: [Morgan Stanley] Fetching Workday API offset 0...
2026-06-13 18:23:02,267 [ERROR] FinanceScraper.Portals: Failed parsing Workday API for Morgan Stanley: Expecting value: line 2 column 1 (char 1)
2026-06-13 18:23:02,271 [INFO] FinanceScraper.Portals: [JPMorgan] Fetching Workday API offset 0...
2026-06-13 18:23:03,337 [ERROR] FinanceScraper.Portals: Failed parsing Workday API for JPMorgan: Expecting value: line 1 column 1 (char 0)
2026-06-13 18:23:03,340 [INFO] FinanceScraper.Portals: [Bank of America] Fetching Workday API offset 0...
2026-06-13 18:23:05,260 [ERROR] FinanceScraper.Portals: Failed parsing Workday API for Bank of America: Expecting value: line 2 column 1 (char 1)
2026-06-13 18:23:05,264 [INFO] FinanceScraper.Portals: [Barclays] Fetching Workday API offset 0...
2026-06-13 18:23:06,263 [ERROR] FinanceScraper.Portals: Failed parsing Workday API for Barclays: Expecting value: line 2 column 1 (char 2)
2026-06-13 18:23:06,267 [INFO] FinanceScraper.Portals: [Deutsche Bank] Fetching Workday API offset 0...
2026-06-13 18:23:06,773 [ERROR] FinanceScraper.Portals: Failed parsing Workday API for Deutsche Bank: Expecting value: line 4 column 1 (char 25)
2026-06-13 18:23:06,778 [INFO] FinanceScraper.Portals: [UBS] Fetching Workday API offset 0...
2026-06-13 18:23:06,967 [ERROR] FinanceScraper.Portals: Failed parsing Workday API for UBS: 403 Client Error: Forbidden for url: https://www.ubs.com/global/en/careers.html
2026-06-13 18:23:06,967 [INFO] FinanceScraper.Portals: [Citigroup] Fetching Workday API offset 0...
2026-06-13 18:23:08,609 [ERROR] FinanceScraper.Portals: Failed parsing Workday API for Citigroup: Expecting value: line 3 column 1 (char 4)
2026-06-13 18:23:08,613 [INFO] FinanceScraper.Portals: [HSBC] Fetching Workday API offset 0...
2026-06-13 18:23:08,891 [ERROR] FinanceScraper.Portals: Failed parsing Workday API for HSBC: 403 Client Error: Forbidden for url: https://www.hsbc.com/careers
2026-06-13 18:23:08,892 [INFO] FinanceScraper.Portals: [Jefferies] Fetching Workday API offset 0...
2026-06-13 18:23:09,586 [ERROR] FinanceScraper.Portals: Failed parsing Workday API for Jefferies: Expecting value: line 1 column 1 (char 0)
2026-06-13 18:23:09,590 [INFO] FinanceScraper.Portals: [Houlihan Lokey] Fetching Workday API offset 0...
2026-06-13 18:23:10,520 [ERROR] FinanceScraper.Portals: Failed parsing Workday API for Houlihan Lokey: Expecting value: line 3 column 1 (char 4)
2026-06-13 18:23:10,524 [INFO] FinanceScraper.Portals: [Lazard] Fetching Workday API offset 0...
2026-06-13 18:23:11,252 [ERROR] FinanceScraper.Portals: Failed parsing Workday API for Lazard: Expecting value: line 1 column 1 (char 0)
2026-06-13 18:23:11,257 [INFO] FinanceScraper.Portals: [Rothschild] Fetching Workday API offset 0...
2026-06-13 18:23:11,765 [ERROR] FinanceScraper.Portals: Failed parsing Workday API for Rothschild: Expecting value: line 8 column 1 (char 14)
2026-06-13 18:23:11,769 [INFO] FinanceScraper.Portals: [Evercore] Fetching Workday API offset 0...
2026-06-13 18:23:12,440 [ERROR] FinanceScraper.Portals: Failed parsing Workday API for Evercore: Expecting value: line 2 column 1 (char 1)
2026-06-13 18:23:12,445 [INFO] FinanceScraper.Portals: [Moelis] Fetching Workday API offset 0...
2026-06-13 18:23:13,959 [ERROR] FinanceScraper.Portals: Failed parsing Workday API for Moelis: Expecting value: line 1 column 1 (char 0)
2026-06-13 18:23:13,963 [INFO] FinanceScraper.Portals: [William Blair] Fetching Workday API offset 0...
2026-06-13 18:23:14,717 [ERROR] FinanceScraper.Portals: Failed parsing Workday API for William Blair: Expecting value: line 3 column 1 (char 2)
2026-06-13 18:23:14,721 [INFO] FinanceScraper.Portals: [Baird] Fetching Workday API offset 0...
2026-06-13 18:23:16,367 [ERROR] FinanceScraper.Portals: Failed parsing Workday API for Baird: Expecting value: line 1 column 1 (char 0)
2026-06-13 18:23:16,376 [INFO] FinanceScraper.Portals: [Piper Sandler] Fetching Workday API offset 0...
2026-06-13 18:23:18,384 [ERROR] FinanceScraper.Portals: Failed parsing Workday API for Piper Sandler: Expecting value: line 1 column 1 (char 0)
2026-06-13 18:23:18,388 [INFO] FinanceScraper.Portals: [Lincoln International] Fetching Workday API offset 0...
2026-06-13 18:23:19,183 [ERROR] FinanceScraper.Portals: Failed parsing Workday API for Lincoln International: 404 Client Error: Not Found for url: https://www.lincolninternational.com/careers/
2026-06-13 18:23:19,561 [INFO] FinanceScraper.Orchestrator: Data persistently saved to output/scraped_jobs.csv and output/scraped_jobs.xlsx
2026-06-13 18:28:40,191 [INFO] FinanceScraper.Orchestrator: Initializing Scraping Execution Cycle...
2026-06-13 18:28:40,227 [INFO] FinanceScraper.Orchestrator: Initiating scraping sequence for Goldman Sachs...
2026-06-13 18:28:40,228 [INFO] FinanceScraper.Portals: [Goldman Sachs] Fetching Oracle HCM API offset 0...
2026-06-13 18:28:40,766 [ERROR] FinanceScraper.Portals: Failed parsing Oracle HCM API for Goldman Sachs: 400 Client Error: Bad Request for url: https://hdpc.fa.us2.oraclecloud.com/hcmRestApi/resources/latest/recruitingCEJobRequisitions?siteNumber=CX_1?onlyData=true&expand=all
2026-06-13 18:28:40,766 [WARNING] FinanceScraper.Orchestrator: No jobs found or returned from Goldman Sachs.
2026-06-13 18:28:40,766 [INFO] FinanceScraper.Orchestrator: Initiating scraping sequence for JPMorgan...
2026-06-13 18:28:40,767 [INFO] FinanceScraper.Portals: [JPMorgan] Fetching Oracle HCM API offset 0...
2026-06-13 18:28:41,387 [ERROR] FinanceScraper.Portals: Failed parsing Oracle HCM API for JPMorgan: 400 Client Error: Bad Request for url: https://jpmc.fa.oraclecloud.com/hcmRestApi/resources/latest/recruitingCEJobRequisitions?siteNumber=CX_1001?onlyData=true&expand=all
2026-06-13 18:28:41,391 [WARNING] FinanceScraper.Orchestrator: No jobs found or returned from JPMorgan.
2026-06-13 18:28:41,391 [INFO] FinanceScraper.Orchestrator: Initiating scraping sequence for Morgan Stanley...
2026-06-13 18:28:41,391 [INFO] FinanceScraper.Portals: [Morgan Stanley] Fetching Workday API offset 0...
2026-06-13 18:28:41,864 [ERROR] FinanceScraper.Portals: Failed parsing Workday API for Morgan Stanley: 422 Client Error: Unprocessable Entity for url: https://morganstanley.wd1.myworkdayjobs.com/wday/cxs/morganstanley/morganstanley/jobs
2026-06-13 18:28:41,868 [WARNING] FinanceScraper.Orchestrator: No jobs found or returned from Morgan Stanley.
2026-06-13 18:28:41,868 [INFO] FinanceScraper.Orchestrator: Initiating scraping sequence for Bank of America...
2026-06-13 18:28:41,868 [INFO] FinanceScraper.Portals: [Bank of America] Fetching Workday API offset 0...
2026-06-13 18:28:42,336 [ERROR] FinanceScraper.Portals: Failed parsing Workday API for Bank of America: 422 Client Error: Unprocessable Entity for url: https://bankofamerica.wd1.myworkdayjobs.com/wday/cxs/bankofamerica/boa_careers/jobs
2026-06-13 18:28:42,340 [WARNING] FinanceScraper.Orchestrator: No jobs found or returned from Bank of America.
2026-06-13 18:28:42,340 [INFO] FinanceScraper.Orchestrator: Initiating scraping sequence for Goldman Sachs...
2026-06-13 18:28:42,340 [INFO] FinanceScraper.Portals: [Goldman Sachs] Fetching Workday API offset 0...
2026-06-13 18:28:42,522 [ERROR] FinanceScraper.Portals: Failed parsing Workday API for Goldman Sachs: 403 Client Error: Forbidden for url: https://www.goldmansachs.com/careers/
2026-06-13 18:28:42,522 [WARNING] FinanceScraper.Orchestrator: No jobs found or returned from Goldman Sachs.
2026-06-13 18:28:42,522 [INFO] FinanceScraper.Orchestrator: Initiating scraping sequence for Morgan Stanley...
2026-06-13 18:28:42,523 [INFO] FinanceScraper.Portals: [Morgan Stanley] Fetching Workday API offset 0...
2026-06-13 18:28:42,969 [ERROR] FinanceScraper.Portals: Failed parsing Workday API for Morgan Stanley: Expecting value: line 2 column 1 (char 1)
2026-06-13 18:28:42,973 [WARNING] FinanceScraper.Orchestrator: No jobs found or returned from Morgan Stanley.
2026-06-13 18:28:42,974 [INFO] FinanceScraper.Orchestrator: Initiating scraping sequence for JPMorgan...
2026-06-13 18:28:42,974 [INFO] FinanceScraper.Portals: [JPMorgan] Fetching Workday API offset 0...
2026-06-13 18:28:43,996 [ERROR] FinanceScraper.Portals: Failed parsing Workday API for JPMorgan: Expecting value: line 1 column 1 (char 0)
2026-06-13 18:28:44,001 [WARNING] FinanceScraper.Orchestrator: No jobs found or returned from JPMorgan.
2026-06-13 18:28:44,001 [INFO] FinanceScraper.Orchestrator: Initiating scraping sequence for Bank of America...
2026-06-13 18:28:44,001 [INFO] FinanceScraper.Portals: [Bank of America] Fetching Workday API offset 0...
2026-06-13 18:28:45,484 [ERROR] FinanceScraper.Portals: Failed parsing Workday API for Bank of America: Expecting value: line 2 column 1 (char 1)
2026-06-13 18:28:45,488 [WARNING] FinanceScraper.Orchestrator: No jobs found or returned from Bank of America.
2026-06-13 18:28:45,488 [INFO] FinanceScraper.Orchestrator: Initiating scraping sequence for Barclays...
2026-06-13 18:28:45,489 [INFO] FinanceScraper.Portals: [Barclays] Fetching Workday API offset 0...
2026-06-13 18:28:46,007 [ERROR] FinanceScraper.Portals: Failed parsing Workday API for Barclays: Expecting value: line 2 column 1 (char 2)
2026-06-13 18:28:46,009 [WARNING] FinanceScraper.Orchestrator: No jobs found or returned from Barclays.
2026-06-13 18:28:46,009 [INFO] FinanceScraper.Orchestrator: Initiating scraping sequence for Deutsche Bank...
2026-06-13 18:28:46,009 [INFO] FinanceScraper.Portals: [Deutsche Bank] Fetching Workday API offset 0...
2026-06-13 18:28:46,250 [ERROR] FinanceScraper.Portals: Failed parsing Workday API for Deutsche Bank: Expecting value: line 4 column 1 (char 25)
2026-06-13 18:28:46,254 [WARNING] FinanceScraper.Orchestrator: No jobs found or returned from Deutsche Bank.
2026-06-13 18:28:46,255 [INFO] FinanceScraper.Orchestrator: Initiating scraping sequence for UBS...
2026-06-13 18:28:46,255 [INFO] FinanceScraper.Portals: [UBS] Fetching Workday API offset 0...
2026-06-13 18:28:46,413 [ERROR] FinanceScraper.Portals: Failed parsing Workday API for UBS: 403 Client Error: Forbidden for url: https://www.ubs.com/global/en/careers.html
2026-06-13 18:28:46,413 [WARNING] FinanceScraper.Orchestrator: No jobs found or returned from UBS.
2026-06-13 18:28:46,413 [INFO] FinanceScraper.Orchestrator: Initiating scraping sequence for Citigroup...
2026-06-13 18:28:46,413 [INFO] FinanceScraper.Portals: [Citigroup] Fetching Workday API offset 0...
2026-06-13 18:28:46,936 [ERROR] FinanceScraper.Portals: Failed parsing Workday API for Citigroup: Expecting value: line 3 column 1 (char 4)
2026-06-13 18:28:46,940 [WARNING] FinanceScraper.Orchestrator: No jobs found or returned from Citigroup.
2026-06-13 18:28:46,941 [INFO] FinanceScraper.Orchestrator: Initiating scraping sequence for HSBC...
2026-06-13 18:28:46,941 [INFO] FinanceScraper.Portals: [HSBC] Fetching Workday API offset 0...
2026-06-13 18:28:47,171 [ERROR] FinanceScraper.Portals: Failed parsing Workday API for HSBC: 403 Client Error: Forbidden for url: https://www.hsbc.com/careers
2026-06-13 18:28:47,171 [WARNING] FinanceScraper.Orchestrator: No jobs found or returned from HSBC.
2026-06-13 18:28:47,171 [INFO] FinanceScraper.Orchestrator: Initiating scraping sequence for Jefferies...
2026-06-13 18:28:47,171 [INFO] FinanceScraper.Portals: [Jefferies] Fetching Workday API offset 0...
2026-06-13 18:28:48,010 [ERROR] FinanceScraper.Portals: Failed parsing Workday API for Jefferies: Expecting value: line 1 column 1 (char 0)
2026-06-13 18:28:48,013 [WARNING] FinanceScraper.Orchestrator: No jobs found or returned from Jefferies.
2026-06-13 18:28:48,014 [INFO] FinanceScraper.Orchestrator: Initiating scraping sequence for Houlihan Lokey...
2026-06-13 18:28:48,014 [INFO] FinanceScraper.Portals: [Houlihan Lokey] Fetching Workday API offset 0...
2026-06-13 18:28:48,711 [ERROR] FinanceScraper.Portals: Failed parsing Workday API for Houlihan Lokey: Expecting value: line 3 column 1 (char 4)
2026-06-13 18:28:48,714 [WARNING] FinanceScraper.Orchestrator: No jobs found or returned from Houlihan Lokey.
2026-06-13 18:28:48,714 [INFO] FinanceScraper.Orchestrator: Initiating scraping sequence for Lazard...
2026-06-13 18:28:48,715 [INFO] FinanceScraper.Portals: [Lazard] Fetching Workday API offset 0...
2026-06-13 18:28:49,431 [ERROR] FinanceScraper.Portals: Failed parsing Workday API for Lazard: Expecting value: line 1 column 1 (char 0)
2026-06-13 18:28:49,434 [WARNING] FinanceScraper.Orchestrator: No jobs found or returned from Lazard.
2026-06-13 18:28:49,434 [INFO] FinanceScraper.Orchestrator: Initiating scraping sequence for Rothschild...
2026-06-13 18:28:49,435 [INFO] FinanceScraper.Portals: [Rothschild] Fetching Workday API offset 0...
2026-06-13 18:28:49,837 [ERROR] FinanceScraper.Portals: Failed parsing Workday API for Rothschild: Expecting value: line 8 column 1 (char 14)
2026-06-13 18:28:49,841 [WARNING] FinanceScraper.Orchestrator: No jobs found or returned from Rothschild.
2026-06-13 18:28:49,842 [INFO] FinanceScraper.Orchestrator: Initiating scraping sequence for Evercore...
2026-06-13 18:28:49,842 [INFO] FinanceScraper.Portals: [Evercore] Fetching Workday API offset 0...
2026-06-13 18:28:50,321 [ERROR] FinanceScraper.Portals: Failed parsing Workday API for Evercore: Expecting value: line 2 column 1 (char 1)
2026-06-13 18:28:50,323 [WARNING] FinanceScraper.Orchestrator: No jobs found or returned from Evercore.
2026-06-13 18:28:50,323 [INFO] FinanceScraper.Orchestrator: Initiating scraping sequence for Moelis...
2026-06-13 18:28:50,323 [INFO] FinanceScraper.Portals: [Moelis] Fetching Workday API offset 0...
2026-06-13 18:28:50,883 [ERROR] FinanceScraper.Portals: Failed parsing Workday API for Moelis: Expecting value: line 1 column 1 (char 0)
2026-06-13 18:28:50,886 [WARNING] FinanceScraper.Orchestrator: No jobs found or returned from Moelis.
2026-06-13 18:28:50,886 [INFO] FinanceScraper.Orchestrator: Initiating scraping sequence for William Blair...
2026-06-13 18:28:50,887 [INFO] FinanceScraper.Portals: [William Blair] Fetching Workday API offset 0...
2026-06-13 18:28:51,772 [ERROR] FinanceScraper.Portals: Failed parsing Workday API for William Blair: Expecting value: line 3 column 1 (char 2)
2026-06-13 18:28:51,774 [WARNING] FinanceScraper.Orchestrator: No jobs found or returned from William Blair.
2026-06-13 18:28:51,775 [INFO] FinanceScraper.Orchestrator: Initiating scraping sequence for Baird...
2026-06-13 18:28:51,775 [INFO] FinanceScraper.Portals: [Baird] Fetching Workday API offset 0...
2026-06-13 18:28:53,215 [ERROR] FinanceScraper.Portals: Failed parsing Workday API for Baird: Expecting value: line 1 column 1 (char 0)
2026-06-13 18:28:53,223 [WARNING] FinanceScraper.Orchestrator: No jobs found or returned from Baird.
2026-06-13 18:28:53,224 [INFO] FinanceScraper.Orchestrator: Initiating scraping sequence for Piper Sandler...
2026-06-13 18:28:53,224 [INFO] FinanceScraper.Portals: [Piper Sandler] Fetching Workday API offset 0...
2026-06-13 18:28:54,974 [ERROR] FinanceScraper.Portals: Failed parsing Workday API for Piper Sandler: Expecting value: line 1 column 1 (char 0)
2026-06-13 18:28:54,977 [WARNING] FinanceScraper.Orchestrator: No jobs found or returned from Piper Sandler.
2026-06-13 18:28:54,978 [INFO] FinanceScraper.Orchestrator: Initiating scraping sequence for Lincoln International...
2026-06-13 18:28:54,978 [INFO] FinanceScraper.Portals: [Lincoln International] Fetching Workday API offset 0...
2026-06-13 18:28:55,672 [ERROR] FinanceScraper.Portals: Failed parsing Workday API for Lincoln International: 404 Client Error: Not Found for url: https://www.lincolninternational.com/careers/
2026-06-13 18:28:55,676 [WARNING] FinanceScraper.Orchestrator: No jobs found or returned from Lincoln International.
2026-06-13 18:28:55,676 [WARNING] FinanceScraper.Orchestrator: Pipeline completed successfully, but zero items matched criteria.
2026-06-13 18:31:48,148 [INFO] FinanceScraper.Orchestrator: Initializing Scraping Execution Cycle...
